2016-07-06 11:24:03,540 [Dummy-1:139724450854656] [django.db.backends:89] [utils:execute] [DEBUG]- (0.000) QUERY = "\n            SELECT name, type FROM sqlite_master\n            WHERE type in ('table', 'view') AND NOT name='sqlite_sequence'\n            ORDER BY name" - PARAMS = (); args=None
2016-07-06 11:24:03,542 [Dummy-1:139724450854656] [django.db.backends:89] [utils:execute] [DEBUG]- (0.000) QUERY = u'SELECT "django_migrations"."app", "django_migrations"."name" FROM "django_migrations"' - PARAMS = (); args=()
2016-07-06 11:24:10,388 [Thread-2:139724439529216] [blog.views:11] [views:index] [ERROR]- [Errno 2] No such file or directory: 'test.txt'
2016-07-06 11:24:12,213 [Thread-12:139724439529216] [blog.views:11] [views:index] [ERROR]- [Errno 2] No such file or directory: 'test.txt'
2016-07-06 15:44:11,301 [Dummy-1:139698813454080] [django.db.backends:89] [utils:execute] [DEBUG]- (0.000) QUERY = "\n            SELECT name, type FROM sqlite_master\n            WHERE type in ('table', 'view') AND NOT name='sqlite_sequence'\n            ORDER BY name" - PARAMS = (); args=None
2016-07-06 15:44:11,304 [Dummy-1:139698813454080] [django.db.backends:89] [utils:execute] [DEBUG]- (0.000) QUERY = u'SELECT "django_migrations"."app", "django_migrations"."name" FROM "django_migrations"' - PARAMS = (); args=()
2016-07-06 15:44:46,411 [Thread-8:139698793473792] [blog.views:26] [views:index] [ERROR]- [Errno 2] No such file or directory: 'test.txt'
2016-07-06 15:59:19,570 [Dummy-1:140630909605632] [django.db.backends:89] [utils:execute] [DEBUG]- (0.002) QUERY = "\n            SELECT name, type FROM sqlite_master\n            WHERE type in ('table', 'view') AND NOT name='sqlite_sequence'\n            ORDER BY name" - PARAMS = (); args=None
2016-07-06 15:59:19,575 [Dummy-1:140630909605632] [django.db.backends:89] [utils:execute] [DEBUG]- (0.000) QUERY = u'SELECT "django_migrations"."app", "django_migrations"."name" FROM "django_migrations"' - PARAMS = (); args=()
2016-07-07 22:40:45,549 [MainThread:140689686324992] [django.db.backends:89] [utils:execute] [DEBUG]- (0.000) SET SQL_AUTO_IS_NULL = 0; args=None
2016-07-07 22:41:05,740 [MainThread:140706170656512] [django.db.backends:89] [utils:execute] [DEBUG]- (0.000) SET SQL_AUTO_IS_NULL = 0; args=None
2016-07-07 22:41:05,763 [MainThread:140706170656512] [django.db.backends:89] [utils:execute] [DEBUG]- (0.000) SET SQL_AUTO_IS_NULL = 0; args=None
2016-07-07 22:41:05,772 [MainThread:140706170656512] [django.db.backends:89] [utils:execute] [DEBUG]- (0.008) SHOW FULL TABLES; args=None
2016-07-07 22:41:05,772 [MainThread:140706170656512] [django.db.backends.schema:102] [schema:execute] [DEBUG]- CREATE TABLE `django_migrations` (`id` integer AUTO_INCREMENT NOT NULL PRIMARY KEY, `app` varchar(255) NOT NULL, `name` varchar(255) NOT NULL, `applied` datetime(6) NOT NULL); (params None)
2016-07-07 22:41:05,792 [MainThread:140706170656512] [django.db.backends:89] [utils:execute] [DEBUG]- (0.019) CREATE TABLE `django_migrations` (`id` integer AUTO_INCREMENT NOT NULL PRIMARY KEY, `app` varchar(255) NOT NULL, `name` varchar(255) NOT NULL, `applied` datetime(6) NOT NULL); args=None
2016-07-07 22:41:05,794 [MainThread:140706170656512] [django.db.backends:89] [utils:execute] [DEBUG]- (0.002) SELECT engine FROM information_schema.tables WHERE table_name = 'django_migrations'; args=[u'django_migrations']
2016-07-07 22:41:05,798 [MainThread:140706170656512] [django.db.backends:89] [utils:execute] [DEBUG]- (0.001) SELECT `django_migrations`.`app`, `django_migrations`.`name` FROM `django_migrations`; args=()
2016-07-07 22:41:05,800 [MainThread:140706170656512] [django.db.backends:89] [utils:execute] [DEBUG]- (0.000) SHOW FULL TABLES; args=None
2016-07-07 22:41:05,815 [MainThread:140706170656512] [django.db.backends:89] [utils:execute] [DEBUG]- (0.000) SET foreign_key_checks=0; args=None
2016-07-07 22:41:05,817 [MainThread:140706170656512] [django.db.backends:89] [utils:execute] [DEBUG]- (0.000) SET foreign_key_checks=1; args=None
2016-07-07 22:41:05,820 [MainThread:140706170656512] [django.db.backends:89] [utils:execute] [DEBUG]- (0.000) SET SQL_AUTO_IS_NULL = 0; args=None
2016-07-07 22:41:05,820 [MainThread:140706170656512] [django.db.backends:89] [utils:execute] [DEBUG]- (0.000) SET foreign_key_checks=0; args=None
2016-07-07 22:41:05,821 [MainThread:140706170656512] [django.db.backends:89] [utils:execute] [DEBUG]- (0.000) SET foreign_key_checks=1; args=None
2016-07-07 22:41:06,023 [MainThread:140706170656512] [django.db.backends.schema:102] [schema:execute] [DEBUG]- CREATE TABLE `django_content_type` (`id` integer AUTO_INCREMENT NOT NULL PRIMARY KEY, `name` varchar(100) NOT NULL, `app_label` varchar(100) NOT NULL, `model` varchar(100) NOT NULL); (params None)
2016-07-07 22:41:06,025 [MainThread:140706170656512] [django.db.backends:89] [utils:execute] [DEBUG]- (0.000) SET SQL_AUTO_IS_NULL = 0; args=None
2016-07-07 22:41:06,040 [MainThread:140706170656512] [django.db.backends:89] [utils:execute] [DEBUG]- (0.014) CREATE TABLE `django_content_type` (`id` integer AUTO_INCREMENT NOT NULL PRIMARY KEY, `name` varchar(100) NOT NULL, `app_label` varchar(100) NOT NULL, `model` varchar(100) NOT NULL); args=None
2016-07-07 22:41:06,041 [MainThread:140706170656512] [django.db.backends:89] [utils:execute] [DEBUG]- (0.001) SELECT engine FROM information_schema.tables WHERE table_name = 'django_content_type'; args=[u'django_content_type']
2016-07-07 22:41:06,044 [MainThread:140706170656512] [django.db.backends.schema:102] [schema:execute] [DEBUG]- ALTER TABLE `django_content_type` ADD CONSTRAINT `django_content_type_app_label_45f3b1d93ec8c61c_uniq` UNIQUE (`app_label`, `model`); (params [])
2016-07-07 22:41:06,055 [MainThread:140706170656512] [django.db.backends:89] [utils:execute] [DEBUG]- (0.010) ALTER TABLE `django_content_type` ADD CONSTRAINT `django_content_type_app_label_45f3b1d93ec8c61c_uniq` UNIQUE (`app_label`, `model`); args=[]
2016-07-07 22:41:06,056 [MainThread:140706170656512] [django.db.backends:89] [utils:execute] [DEBUG]- (0.000) SHOW FULL TABLES; args=None
2016-07-07 22:41:06,058 [MainThread:140706170656512] [django.db.backends:89] [utils:execute] [DEBUG]- (0.001) INSERT INTO `django_migrations` (`app`, `name`, `applied`) VALUES ('contenttypes', '0001_initial', '2016-07-07 14:41:06.056761'); args=['contenttypes', u'0001_initial', u'2016-07-07 14:41:06.056761']
2016-07-07 22:41:06,064 [MainThread:140706170656512] [django.db.backends.schema:102] [schema:execute] [DEBUG]- ALTER TABLE `django_content_type` MODIFY `name` varchar(100) NULL; (params [])
2016-07-07 22:41:06,075 [MainThread:140706170656512] [django.db.backends:89] [utils:execute] [DEBUG]- (0.011) ALTER TABLE `django_content_type` MODIFY `name` varchar(100) NULL; args=[]
2016-07-07 22:41:06,079 [MainThread:140706170656512] [django.db.backends.schema:102] [schema:execute] [DEBUG]- ALTER TABLE `django_content_type` DROP COLUMN `name` CASCADE; (params [])
2016-07-07 22:41:06,093 [MainThread:140706170656512] [django.db.backends:89] [utils:execute] [DEBUG]- (0.013) ALTER TABLE `django_content_type` DROP COLUMN `name` CASCADE; args=[]
2016-07-07 22:41:06,093 [MainThread:140706170656512] [django.db.backends:89] [utils:execute] [DEBUG]- (0.000) SHOW FULL TABLES; args=None
2016-07-07 22:41:06,095 [MainThread:140706170656512] [django.db.backends:89] [utils:execute] [DEBUG]- (0.001) INSERT INTO `django_migrations` (`app`, `name`, `applied`) VALUES ('contenttypes', '0002_remove_content_type_name', '2016-07-07 14:41:06.094210'); args=['contenttypes', u'0002_remove_content_type_name', u'2016-07-07 14:41:06.094210']
2016-07-07 22:41:06,100 [MainThread:140706170656512] [django.db.backends.schema:102] [schema:execute] [DEBUG]- CREATE TABLE `auth_permission` (`id` integer AUTO_INCREMENT NOT NULL PRIMARY KEY, `name` varchar(50) NOT NULL, `content_type_id` integer NOT NULL, `codename` varchar(100) NOT NULL, UNIQUE (`content_type_id`, `codename`)); (params None)
2016-07-07 22:41:06,107 [MainThread:140706170656512] [django.db.backends:89] [utils:execute] [DEBUG]- (0.007) CREATE TABLE `auth_permission` (`id` integer AUTO_INCREMENT NOT NULL PRIMARY KEY, `name` varchar(50) NOT NULL, `content_type_id` integer NOT NULL, `codename` varchar(100) NOT NULL, UNIQUE (`content_type_id`, `codename`)); args=None
2016-07-07 22:41:06,108 [MainThread:140706170656512] [django.db.backends:89] [utils:execute] [DEBUG]- (0.001) SELECT engine FROM information_schema.tables WHERE table_name = 'auth_permission'; args=[u'auth_permission']
2016-07-07 22:41:06,116 [MainThread:140706170656512] [django.db.backends.schema:102] [schema:execute] [DEBUG]- CREATE TABLE `auth_group` (`id` integer AUTO_INCREMENT NOT NULL PRIMARY KEY, `name` varchar(80) NOT NULL UNIQUE); (params None)
2016-07-07 22:41:06,123 [MainThread:140706170656512] [django.db.backends:89] [utils:execute] [DEBUG]- (0.008) CREATE TABLE `auth_group` (`id` integer AUTO_INCREMENT NOT NULL PRIMARY KEY, `name` varchar(80) NOT NULL UNIQUE); args=None
2016-07-07 22:41:06,124 [MainThread:140706170656512] [django.db.backends:89] [utils:execute] [DEBUG]- (0.001) SELECT engine FROM information_schema.tables WHERE table_name = 'auth_group'; args=[u'auth_group']
2016-07-07 22:41:06,125 [MainThread:140706170656512] [django.db.backends.schema:102] [schema:execute] [DEBUG]- CREATE TABLE `auth_group_permissions` (`id` integer AUTO_INCREMENT NOT NULL PRIMARY KEY, `group_id` integer NOT NULL, `permission_id` integer NOT NULL, UNIQUE (`group_id`, `permission_id`)); (params None)
2016-07-07 22:41:06,135 [MainThread:140706170656512] [django.db.backends:89] [utils:execute] [DEBUG]- (0.009) CREATE TABLE `auth_group_permissions` (`id` integer AUTO_INCREMENT NOT NULL PRIMARY KEY, `group_id` integer NOT NULL, `permission_id` integer NOT NULL, UNIQUE (`group_id`, `permission_id`)); args=None
2016-07-07 22:41:06,136 [MainThread:140706170656512] [django.db.backends:89] [utils:execute] [DEBUG]- (0.001) SELECT engine FROM information_schema.tables WHERE table_name = 'auth_group_permissions'; args=[u'auth_group_permissions']
2016-07-07 22:41:06,150 [MainThread:140706170656512] [django.db.backends.schema:102] [schema:execute] [DEBUG]- ALTER TABLE `auth_permission` ADD CONSTRAINT `auth__content_type_id_508cf46651277a81_fk_django_content_type_id` FOREIGN KEY (`content_type_id`) REFERENCES `django_content_type` (`id`); (params [])
2016-07-07 22:41:06,167 [MainThread:140706170656512] [django.db.backends:89] [utils:execute] [DEBUG]- (0.016) ALTER TABLE `auth_permission` ADD CONSTRAINT `auth__content_type_id_508cf46651277a81_fk_django_content_type_id` FOREIGN KEY (`content_type_id`) REFERENCES `django_content_type` (`id`); args=[]
2016-07-07 22:41:06,167 [MainThread:140706170656512] [django.db.backends.schema:102] [schema:execute] [DEBUG]- ALTER TABLE `auth_group_permissions` ADD CONSTRAINT `auth_group_permission_group_id_689710a9a73b7457_fk_auth_group_id` FOREIGN KEY (`group_id`) REFERENCES `auth_group` (`id`); (params [])
2016-07-07 22:41:06,180 [MainThread:140706170656512] [django.db.backends:89] [utils:execute] [DEBUG]- (0.013) ALTER TABLE `auth_group_permissions` ADD CONSTRAINT `auth_group_permission_group_id_689710a9a73b7457_fk_auth_group_id` FOREIGN KEY (`group_id`) REFERENCES `auth_group` (`id`); args=[]
2016-07-07 22:41:06,180 [MainThread:140706170656512] [django.db.backends.schema:102] [schema:execute] [DEBUG]- ALTER TABLE `auth_group_permissions` ADD CONSTRAINT `auth_group__permission_id_1f49ccbbdc69d2fc_fk_auth_permission_id` FOREIGN KEY (`permission_id`) REFERENCES `auth_permission` (`id`); (params [])
2016-07-07 22:41:06,195 [MainThread:140706170656512] [django.db.backends:89] [utils:execute] [DEBUG]- (0.014) ALTER TABLE `auth_group_permissions` ADD CONSTRAINT `auth_group__permission_id_1f49ccbbdc69d2fc_fk_auth_permission_id` FOREIGN KEY (`permission_id`) REFERENCES `auth_permission` (`id`); args=[]
2016-07-07 22:41:06,196 [MainThread:140706170656512] [django.db.backends:89] [utils:execute] [DEBUG]- (0.000) SHOW FULL TABLES; args=None
2016-07-07 22:41:06,197 [MainThread:140706170656512] [django.db.backends:89] [utils:execute] [DEBUG]- (0.000) INSERT INTO `django_migrations` (`app`, `name`, `applied`) VALUES ('auth', '0001_initial', '2016-07-07 14:41:06.196601'); args=['auth', u'0001_initial', u'2016-07-07 14:41:06.196601']
2016-07-07 22:41:06,205 [MainThread:140706170656512] [django.db.backends.schema:102] [schema:execute] [DEBUG]- ALTER TABLE `auth_permission` MODIFY `name` varchar(255) NOT NULL; (params [])
2016-07-07 22:41:06,219 [MainThread:140706170656512] [django.db.backends:89] [utils:execute] [DEBUG]- (0.013) ALTER TABLE `auth_permission` MODIFY `name` varchar(255) NOT NULL; args=[]
2016-07-07 22:41:06,220 [MainThread:140706170656512] [django.db.backends:89] [utils:execute] [DEBUG]- (0.000) SHOW FULL TABLES; args=None
2016-07-07 22:41:06,221 [MainThread:140706170656512] [django.db.backends:89] [utils:execute] [DEBUG]- (0.000) INSERT INTO `django_migrations` (`app`, `name`, `applied`) VALUES ('auth', '0002_alter_permission_name_max_length', '2016-07-07 14:41:06.220787'); args=['auth', u'0002_alter_permission_name_max_length', u'2016-07-07 14:41:06.220787']
2016-07-07 22:41:06,235 [MainThread:140706170656512] [django.db.backends:89] [utils:execute] [DEBUG]- (0.001) SHOW FULL TABLES; args=None
2016-07-07 22:41:06,237 [MainThread:140706170656512] [django.db.backends:89] [utils:execute] [DEBUG]- (0.001) INSERT INTO `django_migrations` (`app`, `name`, `applied`) VALUES ('auth', '0003_alter_user_email_max_length', '2016-07-07 14:41:06.235788'); args=['auth', u'0003_alter_user_email_max_length', u'2016-07-07 14:41:06.235788']
2016-07-07 22:41:06,257 [MainThread:140706170656512] [django.db.backends:89] [utils:execute] [DEBUG]- (0.001) SHOW FULL TABLES; args=None
2016-07-07 22:41:06,260 [MainThread:140706170656512] [django.db.backends:89] [utils:execute] [DEBUG]- (0.001) INSERT INTO `django_migrations` (`app`, `name`, `applied`) VALUES ('auth', '0004_alter_user_username_opts', '2016-07-07 14:41:06.258333'); args=['auth', u'0004_alter_user_username_opts', u'2016-07-07 14:41:06.258333']
2016-07-07 22:41:06,274 [MainThread:140706170656512] [django.db.backends:89] [utils:execute] [DEBUG]- (0.001) SHOW FULL TABLES; args=None
2016-07-07 22:41:06,277 [MainThread:140706170656512] [django.db.backends:89] [utils:execute] [DEBUG]- (0.001) INSERT INTO `django_migrations` (`app`, `name`, `applied`) VALUES ('auth', '0005_alter_user_last_login_null', '2016-07-07 14:41:06.276288'); args=['auth', u'0005_alter_user_last_login_null', u'2016-07-07 14:41:06.276288']
2016-07-07 22:41:06,280 [MainThread:140706170656512] [django.db.backends:89] [utils:execute] [DEBUG]- (0.001) SHOW FULL TABLES; args=None
2016-07-07 22:41:06,282 [MainThread:140706170656512] [django.db.backends:89] [utils:execute] [DEBUG]- (0.000) INSERT INTO `django_migrations` (`app`, `name`, `applied`) VALUES ('auth', '0006_require_contenttypes_0002', '2016-07-07 14:41:06.281623'); args=['auth', u'0006_require_contenttypes_0002', u'2016-07-07 14:41:06.281623']
2016-07-07 22:41:06,300 [MainThread:140706170656512] [django.db.backends.schema:102] [schema:execute] [DEBUG]- CREATE TABLE `blog_user` (`id` integer AUTO_INCREMENT NOT NULL PRIMARY KEY, `password` varchar(128) NOT NULL, `last_login` datetime(6) NULL, `is_superuser` bool NOT NULL, `username` varchar(30) NOT NULL UNIQUE, `first_name` varchar(30) NOT NULL, `last_name` varchar(30) NOT NULL, `email` varchar(254) NOT NULL, `is_staff` bool NOT NULL, `is_active` bool NOT NULL, `date_joined` datetime(6) NOT NULL, `avatar` varchar(200) NULL, `qq` varchar(20) NULL, `mobile` varchar(11) NULL UNIQUE); (params None)
2016-07-07 22:41:06,311 [MainThread:140706170656512] [django.db.backends:89] [utils:execute] [DEBUG]- (0.009) CREATE TABLE `blog_user` (`id` integer AUTO_INCREMENT NOT NULL PRIMARY KEY, `password` varchar(128) NOT NULL, `last_login` datetime(6) NULL, `is_superuser` bool NOT NULL, `username` varchar(30) NOT NULL UNIQUE, `first_name` varchar(30) NOT NULL, `last_name` varchar(30) NOT NULL, `email` varchar(254) NOT NULL, `is_staff` bool NOT NULL, `is_active` bool NOT NULL, `date_joined` datetime(6) NOT NULL, `avatar` varchar(200) NULL, `qq` varchar(20) NULL, `mobile` varchar(11) NULL UNIQUE); args=None
2016-07-07 22:41:06,313 [MainThread:140706170656512] [django.db.backends:89] [utils:execute] [DEBUG]- (0.001) SELECT engine FROM information_schema.tables WHERE table_name = 'blog_user'; args=[u'blog_user']
2016-07-07 22:41:06,315 [MainThread:140706170656512] [django.db.backends.schema:102] [schema:execute] [DEBUG]- CREATE TABLE `blog_user_groups` (`id` integer AUTO_INCREMENT NOT NULL PRIMARY KEY, `user_id` integer NOT NULL, `group_id` integer NOT NULL, UNIQUE (`user_id`, `group_id`)); (params None)
2016-07-07 22:41:06,326 [MainThread:140706170656512] [django.db.backends:89] [utils:execute] [DEBUG]- (0.010) CREATE TABLE `blog_user_groups` (`id` integer AUTO_INCREMENT NOT NULL PRIMARY KEY, `user_id` integer NOT NULL, `group_id` integer NOT NULL, UNIQUE (`user_id`, `group_id`)); args=None
2016-07-07 22:41:06,327 [MainThread:140706170656512] [django.db.backends:89] [utils:execute] [DEBUG]- (0.001) SELECT engine FROM information_schema.tables WHERE table_name = 'blog_user_groups'; args=[u'blog_user_groups']
2016-07-07 22:41:06,329 [MainThread:140706170656512] [django.db.backends.schema:102] [schema:execute] [DEBUG]- CREATE TABLE `blog_user_user_permissions` (`id` integer AUTO_INCREMENT NOT NULL PRIMARY KEY, `user_id` integer NOT NULL, `permission_id` integer NOT NULL, UNIQUE (`user_id`, `permission_id`)); (params None)
2016-07-07 22:41:06,343 [MainThread:140706170656512] [django.db.backends:89] [utils:execute] [DEBUG]- (0.014) CREATE TABLE `blog_user_user_permissions` (`id` integer AUTO_INCREMENT NOT NULL PRIMARY KEY, `user_id` integer NOT NULL, `permission_id` integer NOT NULL, UNIQUE (`user_id`, `permission_id`)); args=None
2016-07-07 22:41:06,344 [MainThread:140706170656512] [django.db.backends:89] [utils:execute] [DEBUG]- (0.001) SELECT engine FROM information_schema.tables WHERE table_name = 'blog_user_user_permissions'; args=[u'blog_user_user_permissions']
2016-07-07 22:41:06,350 [MainThread:140706170656512] [django.db.backends.schema:102] [schema:execute] [DEBUG]- CREATE TABLE `blog_ad` (`id` integer AUTO_INCREMENT NOT NULL PRIMARY KEY, `title` varchar(50) NOT NULL, `description` varchar(200) NOT NULL, `image_url` varchar(100) NOT NULL, `callback_url` varchar(200) NULL, `date_publish` datetime(6) NOT NULL, `index` integer NOT NULL); (params None)
2016-07-07 22:41:06,358 [MainThread:140706170656512] [django.db.backends:89] [utils:execute] [DEBUG]- (0.008) CREATE TABLE `blog_ad` (`id` integer AUTO_INCREMENT NOT NULL PRIMARY KEY, `title` varchar(50) NOT NULL, `description` varchar(200) NOT NULL, `image_url` varchar(100) NOT NULL, `callback_url` varchar(200) NULL, `date_publish` datetime(6) NOT NULL, `index` integer NOT NULL); args=None
2016-07-07 22:41:06,359 [MainThread:140706170656512] [django.db.backends:89] [utils:execute] [DEBUG]- (0.001) SELECT engine FROM information_schema.tables WHERE table_name = 'blog_ad'; args=[u'blog_ad']
2016-07-07 22:41:06,364 [MainThread:140706170656512] [django.db.backends.schema:102] [schema:execute] [DEBUG]- CREATE TABLE `blog_article` (`id` integer AUTO_INCREMENT NOT NULL PRIMARY KEY, `title` varchar(50) NOT NULL, `desc` varchar(50) NOT NULL, `content` longtext NOT NULL, `click_count` integer NOT NULL, `is_recommend` bool NOT NULL, `date_publish` datetime(6) NOT NULL); (params None)
2016-07-07 22:41:06,370 [MainThread:140706170656512] [django.db.backends:89] [utils:execute] [DEBUG]- (0.006) CREATE TABLE `blog_article` (`id` integer AUTO_INCREMENT NOT NULL PRIMARY KEY, `title` varchar(50) NOT NULL, `desc` varchar(50) NOT NULL, `content` longtext NOT NULL, `click_count` integer NOT NULL, `is_recommend` bool NOT NULL, `date_publish` datetime(6) NOT NULL); args=None
2016-07-07 22:41:06,371 [MainThread:140706170656512] [django.db.backends:89] [utils:execute] [DEBUG]- (0.001) SELECT engine FROM information_schema.tables WHERE table_name = 'blog_article'; args=[u'blog_article']
2016-07-07 22:41:06,374 [MainThread:140706170656512] [django.db.backends.schema:102] [schema:execute] [DEBUG]- CREATE TABLE `blog_category` (`id` integer AUTO_INCREMENT NOT NULL PRIMARY KEY, `name` varchar(30) NOT NULL, `index` integer NOT NULL); (params None)
2016-07-07 22:41:06,380 [MainThread:140706170656512] [django.db.backends:89] [utils:execute] [DEBUG]- (0.006) CREATE TABLE `blog_category` (`id` integer AUTO_INCREMENT NOT NULL PRIMARY KEY, `name` varchar(30) NOT NULL, `index` integer NOT NULL); args=None
2016-07-07 22:41:06,381 [MainThread:140706170656512] [django.db.backends:89] [utils:execute] [DEBUG]- (0.001) SELECT engine FROM information_schema.tables WHERE table_name = 'blog_category'; args=[u'blog_category']
2016-07-07 22:41:06,397 [MainThread:140706170656512] [django.db.backends.schema:102] [schema:execute] [DEBUG]- CREATE TABLE `blog_comment` (`id` integer AUTO_INCREMENT NOT NULL PRIMARY KEY, `content` longtext NOT NULL, `date_publish` datetime(6) NOT NULL, `article_id` integer NULL, `pid_id` integer NULL, `user_id` integer NULL); (params None)
2016-07-07 22:41:06,408 [MainThread:140706170656512] [django.db.backends:89] [utils:execute] [DEBUG]- (0.011) CREATE TABLE `blog_comment` (`id` integer AUTO_INCREMENT NOT NULL PRIMARY KEY, `content` longtext NOT NULL, `date_publish` datetime(6) NOT NULL, `article_id` integer NULL, `pid_id` integer NULL, `user_id` integer NULL); args=None
2016-07-07 22:41:06,410 [MainThread:140706170656512] [django.db.backends:89] [utils:execute] [DEBUG]- (0.001) SELECT engine FROM information_schema.tables WHERE table_name = 'blog_comment'; args=[u'blog_comment']
2016-07-07 22:41:06,415 [MainThread:140706170656512] [django.db.backends.schema:102] [schema:execute] [DEBUG]- CREATE TABLE `blog_links` (`id` integer AUTO_INCREMENT NOT NULL PRIMARY KEY, `title` varchar(50) NOT NULL, `description` varchar(200) NOT NULL, `callback_url` varchar(200) NOT NULL, `date_publish` datetime(6) NOT NULL, `index` integer NOT NULL); (params None)
2016-07-07 22:41:06,423 [MainThread:140706170656512] [django.db.backends:89] [utils:execute] [DEBUG]- (0.008) CREATE TABLE `blog_links` (`id` integer AUTO_INCREMENT NOT NULL PRIMARY KEY, `title` varchar(50) NOT NULL, `description` varchar(200) NOT NULL, `callback_url` varchar(200) NOT NULL, `date_publish` datetime(6) NOT NULL, `index` integer NOT NULL); args=None
2016-07-07 22:41:06,425 [MainThread:140706170656512] [django.db.backends:89] [utils:execute] [DEBUG]- (0.001) SELECT engine FROM information_schema.tables WHERE table_name = 'blog_links'; args=[u'blog_links']
2016-07-07 22:41:06,430 [MainThread:140706170656512] [django.db.backends.schema:102] [schema:execute] [DEBUG]- CREATE TABLE `blog_tag` (`id` integer AUTO_INCREMENT NOT NULL PRIMARY KEY, `name` varchar(30) NOT NULL); (params None)
2016-07-07 22:41:06,438 [MainThread:140706170656512] [django.db.backends:89] [utils:execute] [DEBUG]- (0.007) CREATE TABLE `blog_tag` (`id` integer AUTO_INCREMENT NOT NULL PRIMARY KEY, `name` varchar(30) NOT NULL); args=None
2016-07-07 22:41:06,439 [MainThread:140706170656512] [django.db.backends:89] [utils:execute] [DEBUG]- (0.001) SELECT engine FROM information_schema.tables WHERE table_name = 'blog_tag'; args=[u'blog_tag']
2016-07-07 22:41:06,477 [MainThread:140706170656512] [django.db.backends.schema:102] [schema:execute] [DEBUG]- ALTER TABLE `blog_article` ADD COLUMN `category_id` integer NULL; (params [])
2016-07-07 22:41:06,493 [MainThread:140706170656512] [django.db.backends:89] [utils:execute] [DEBUG]- (0.016) ALTER TABLE `blog_article` ADD COLUMN `category_id` integer NULL; args=[]
2016-07-07 22:41:06,494 [MainThread:140706170656512] [django.db.backends.schema:102] [schema:execute] [DEBUG]- ALTER TABLE `blog_article` ALTER COLUMN `category_id` DROP DEFAULT; (params [])
2016-07-07 22:41:06,497 [MainThread:140706170656512] [django.db.backends:89] [utils:execute] [DEBUG]- (0.002) ALTER TABLE `blog_article` ALTER COLUMN `category_id` DROP DEFAULT; args=[]
2016-07-07 22:41:06,577 [MainThread:140706170656512] [django.db.backends.schema:102] [schema:execute] [DEBUG]- CREATE TABLE `blog_article_tag` (`id` integer AUTO_INCREMENT NOT NULL PRIMARY KEY, `article_id` integer NOT NULL, `tag_id` integer NOT NULL, UNIQUE (`article_id`, `tag_id`)); (params None)
2016-07-07 22:41:06,590 [MainThread:140706170656512] [django.db.backends:89] [utils:execute] [DEBUG]- (0.011) CREATE TABLE `blog_article_tag` (`id` integer AUTO_INCREMENT NOT NULL PRIMARY KEY, `article_id` integer NOT NULL, `tag_id` integer NOT NULL, UNIQUE (`article_id`, `tag_id`)); args=None
2016-07-07 22:41:06,591 [MainThread:140706170656512] [django.db.backends:89] [utils:execute] [DEBUG]- (0.001) SELECT engine FROM information_schema.tables WHERE table_name = 'blog_article_tag'; args=[u'blog_article_tag']
2016-07-07 22:41:06,645 [MainThread:140706170656512] [django.db.backends.schema:102] [schema:execute] [DEBUG]- ALTER TABLE `blog_article` ADD COLUMN `user_id` integer NOT NULL; (params [])
2016-07-07 22:41:07,003 [MainThread:140706170656512] [django.db.backends:89] [utils:execute] [DEBUG]- (0.358) ALTER TABLE `blog_article` ADD COLUMN `user_id` integer NOT NULL; args=[]
2016-07-07 22:41:07,004 [MainThread:140706170656512] [django.db.backends.schema:102] [schema:execute] [DEBUG]- ALTER TABLE `blog_article` ALTER COLUMN `user_id` DROP DEFAULT; (params [])
2016-07-07 22:41:07,005 [MainThread:140706170656512] [django.db.backends:89] [utils:execute] [DEBUG]- (0.002) ALTER TABLE `blog_article` ALTER COLUMN `user_id` DROP DEFAULT; args=[]
2016-07-07 22:41:07,006 [MainThread:140706170656512] [django.db.backends.schema:102] [schema:execute] [DEBUG]- ALTER TABLE `blog_user_groups` ADD CONSTRAINT `blog_user_groups_user_id_6966ac423a8a3282_fk_blog_user_id` FOREIGN KEY (`user_id`) REFERENCES `blog_user` (`id`); (params [])
2016-07-07 22:41:07,017 [MainThread:140706170656512] [django.db.backends:89] [utils:execute] [DEBUG]- (0.011) ALTER TABLE `blog_user_groups` ADD CONSTRAINT `blog_user_groups_user_id_6966ac423a8a3282_fk_blog_user_id` FOREIGN KEY (`user_id`) REFERENCES `blog_user` (`id`); args=[]
2016-07-07 22:41:07,018 [MainThread:140706170656512] [django.db.backends.schema:102] [schema:execute] [DEBUG]- ALTER TABLE `blog_user_groups` ADD CONSTRAINT `blog_user_groups_group_id_733c5f0c17533145_fk_auth_group_id` FOREIGN KEY (`group_id`) REFERENCES `auth_group` (`id`); (params [])
2016-07-07 22:41:07,030 [MainThread:140706170656512] [django.db.backends:89] [utils:execute] [DEBUG]- (0.012) ALTER TABLE `blog_user_groups` ADD CONSTRAINT `blog_user_groups_group_id_733c5f0c17533145_fk_auth_group_id` FOREIGN KEY (`group_id`) REFERENCES `auth_group` (`id`); args=[]
2016-07-07 22:41:07,030 [MainThread:140706170656512] [django.db.backends.schema:102] [schema:execute] [DEBUG]- ALTER TABLE `blog_user_user_permissions` ADD CONSTRAINT `blog_user_user_permissi_user_id_47e65ec5ad7127b4_fk_blog_user_id` FOREIGN KEY (`user_id`) REFERENCES `blog_user` (`id`); (params [])
2016-07-07 22:41:07,040 [MainThread:140706170656512] [django.db.backends:89] [utils:execute] [DEBUG]- (0.010) ALTER TABLE `blog_user_user_permissions` ADD CONSTRAINT `blog_user_user_permissi_user_id_47e65ec5ad7127b4_fk_blog_user_id` FOREIGN KEY (`user_id`) REFERENCES `blog_user` (`id`); args=[]
2016-07-07 22:41:07,041 [MainThread:140706170656512] [django.db.backends.schema:102] [schema:execute] [DEBUG]- ALTER TABLE `blog_user_user_permissions` ADD CONSTRAINT `blog_user_u_permission_id_3e52c7ecf83d926e_fk_auth_permission_id` FOREIGN KEY (`permission_id`) REFERENCES `auth_permission` (`id`); (params [])
2016-07-07 22:41:07,056 [MainThread:140706170656512] [django.db.backends:89] [utils:execute] [DEBUG]- (0.015) ALTER TABLE `blog_user_user_permissions` ADD CONSTRAINT `blog_user_u_permission_id_3e52c7ecf83d926e_fk_auth_permission_id` FOREIGN KEY (`permission_id`) REFERENCES `auth_permission` (`id`); args=[]
2016-07-07 22:41:07,056 [MainThread:140706170656512] [django.db.backends.schema:102] [schema:execute] [DEBUG]- ALTER TABLE `blog_comment` ADD CONSTRAINT `blog_comment_article_id_2e269420484cf50b_fk_blog_article_id` FOREIGN KEY (`article_id`) REFERENCES `blog_article` (`id`); (params [])
2016-07-07 22:41:07,070 [MainThread:140706170656512] [django.db.backends:89] [utils:execute] [DEBUG]- (0.014) ALTER TABLE `blog_comment` ADD CONSTRAINT `blog_comment_article_id_2e269420484cf50b_fk_blog_article_id` FOREIGN KEY (`article_id`) REFERENCES `blog_article` (`id`); args=[]
2016-07-07 22:41:07,071 [MainThread:140706170656512] [django.db.backends.schema:102] [schema:execute] [DEBUG]- ALTER TABLE `blog_comment` ADD CONSTRAINT `blog_comment_pid_id_4d54967dc955a1d8_fk_blog_comment_id` FOREIGN KEY (`pid_id`) REFERENCES `blog_comment` (`id`); (params [])
2016-07-07 22:41:07,083 [MainThread:140706170656512] [django.db.backends:89] [utils:execute] [DEBUG]- (0.012) ALTER TABLE `blog_comment` ADD CONSTRAINT `blog_comment_pid_id_4d54967dc955a1d8_fk_blog_comment_id` FOREIGN KEY (`pid_id`) REFERENCES `blog_comment` (`id`); args=[]
2016-07-07 22:41:07,083 [MainThread:140706170656512] [django.db.backends.schema:102] [schema:execute] [DEBUG]- ALTER TABLE `blog_comment` ADD CONSTRAINT `blog_comment_user_id_10c8905b47f3b573_fk_blog_user_id` FOREIGN KEY (`user_id`) REFERENCES `blog_user` (`id`); (params [])
2016-07-07 22:41:07,104 [MainThread:140706170656512] [django.db.backends:89] [utils:execute] [DEBUG]- (0.020) ALTER TABLE `blog_comment` ADD CONSTRAINT `blog_comment_user_id_10c8905b47f3b573_fk_blog_user_id` FOREIGN KEY (`user_id`) REFERENCES `blog_user` (`id`); args=[]
2016-07-07 22:41:07,104 [MainThread:140706170656512] [django.db.backends.schema:102] [schema:execute] [DEBUG]- CREATE INDEX `blog_article_b583a629` ON `blog_article` (`category_id`); (params [])
2016-07-07 22:41:07,108 [MainThread:140706170656512] [django.db.backends:89] [utils:execute] [DEBUG]- (0.004) CREATE INDEX `blog_article_b583a629` ON `blog_article` (`category_id`); args=[]
2016-07-07 22:41:07,109 [MainThread:140706170656512] [django.db.backends.schema:102] [schema:execute] [DEBUG]- ALTER TABLE `blog_article` ADD CONSTRAINT `blog_article_category_id_45371416e1252d6d_fk_blog_category_id` FOREIGN KEY (`category_id`) REFERENCES `blog_category` (`id`); (params [])
2016-07-07 22:41:07,120 [MainThread:140706170656512] [django.db.backends:89] [utils:execute] [DEBUG]- (0.011) ALTER TABLE `blog_article` ADD CONSTRAINT `blog_article_category_id_45371416e1252d6d_fk_blog_category_id` FOREIGN KEY (`category_id`) REFERENCES `blog_category` (`id`); args=[]
2016-07-07 22:41:07,120 [MainThread:140706170656512] [django.db.backends.schema:102] [schema:execute] [DEBUG]- ALTER TABLE `blog_article_tag` ADD CONSTRAINT `blog_article_tag_article_id_27d0bb9b4cf54675_fk_blog_article_id` FOREIGN KEY (`article_id`) REFERENCES `blog_article` (`id`); (params [])
2016-07-07 22:41:07,134 [MainThread:140706170656512] [django.db.backends:89] [utils:execute] [DEBUG]- (0.013) ALTER TABLE `blog_article_tag` ADD CONSTRAINT `blog_article_tag_article_id_27d0bb9b4cf54675_fk_blog_article_id` FOREIGN KEY (`article_id`) REFERENCES `blog_article` (`id`); args=[]
2016-07-07 22:41:07,134 [MainThread:140706170656512] [django.db.backends.schema:102] [schema:execute] [DEBUG]- ALTER TABLE `blog_article_tag` ADD CONSTRAINT `blog_article_tag_tag_id_4687eb707f711bf5_fk_blog_tag_id` FOREIGN KEY (`tag_id`) REFERENCES `blog_tag` (`id`); (params [])
2016-07-07 22:41:07,145 [MainThread:140706170656512] [django.db.backends:89] [utils:execute] [DEBUG]- (0.011) ALTER TABLE `blog_article_tag` ADD CONSTRAINT `blog_article_tag_tag_id_4687eb707f711bf5_fk_blog_tag_id` FOREIGN KEY (`tag_id`) REFERENCES `blog_tag` (`id`); args=[]
2016-07-07 22:41:07,145 [MainThread:140706170656512] [django.db.backends.schema:102] [schema:execute] [DEBUG]- CREATE INDEX `blog_article_e8701ad4` ON `blog_article` (`user_id`); (params [])
2016-07-07 22:41:07,150 [MainThread:140706170656512] [django.db.backends:89] [utils:execute] [DEBUG]- (0.005) CREATE INDEX `blog_article_e8701ad4` ON `blog_article` (`user_id`); args=[]
2016-07-07 22:41:07,150 [MainThread:140706170656512] [django.db.backends.schema:102] [schema:execute] [DEBUG]- ALTER TABLE `blog_article` ADD CONSTRAINT `blog_article_user_id_73871a5c9f3ca2b4_fk_blog_user_id` FOREIGN KEY (`user_id`) REFERENCES `blog_user` (`id`); (params [])
2016-07-07 22:41:07,164 [MainThread:140706170656512] [django.db.backends:89] [utils:execute] [DEBUG]- (0.014) ALTER TABLE `blog_article` ADD CONSTRAINT `blog_article_user_id_73871a5c9f3ca2b4_fk_blog_user_id` FOREIGN KEY (`user_id`) REFERENCES `blog_user` (`id`); args=[]
2016-07-07 22:41:07,165 [MainThread:140706170656512] [django.db.backends:89] [utils:execute] [DEBUG]- (0.001) SHOW FULL TABLES; args=None
2016-07-07 22:41:07,166 [MainThread:140706170656512] [django.db.backends:89] [utils:execute] [DEBUG]- (0.000) INSERT INTO `django_migrations` (`app`, `name`, `applied`) VALUES ('blog', '0001_initial', '2016-07-07 14:41:07.166090'); args=['blog', u'0001_initial', u'2016-07-07 14:41:07.166090']
2016-07-07 22:41:07,186 [MainThread:140706170656512] [django.db.backends.schema:102] [schema:execute] [DEBUG]- CREATE TABLE `django_admin_log` (`id` integer AUTO_INCREMENT NOT NULL PRIMARY KEY, `action_time` datetime(6) NOT NULL, `object_id` longtext NULL, `object_repr` varchar(200) NOT NULL, `action_flag` smallint UNSIGNED NOT NULL, `change_message` longtext NOT NULL, `content_type_id` integer NULL, `user_id` integer NOT NULL); (params None)
2016-07-07 22:41:07,193 [MainThread:140706170656512] [django.db.backends:89] [utils:execute] [DEBUG]- (0.007) CREATE TABLE `django_admin_log` (`id` integer AUTO_INCREMENT NOT NULL PRIMARY KEY, `action_time` datetime(6) NOT NULL, `object_id` longtext NULL, `object_repr` varchar(200) NOT NULL, `action_flag` smallint UNSIGNED NOT NULL, `change_message` longtext NOT NULL, `content_type_id` integer NULL, `user_id` integer NOT NULL); args=None
2016-07-07 22:41:07,194 [MainThread:140706170656512] [django.db.backends:89] [utils:execute] [DEBUG]- (0.001) SELECT engine FROM information_schema.tables WHERE table_name = 'django_admin_log'; args=[u'django_admin_log']
2016-07-07 22:41:07,195 [MainThread:140706170656512] [django.db.backends.schema:102] [schema:execute] [DEBUG]- ALTER TABLE `django_admin_log` ADD CONSTRAINT `djang_content_type_id_697914295151027a_fk_django_content_type_id` FOREIGN KEY (`content_type_id`) REFERENCES `django_content_type` (`id`); (params [])
2016-07-07 22:41:07,207 [MainThread:140706170656512] [django.db.backends:89] [utils:execute] [DEBUG]- (0.012) ALTER TABLE `django_admin_log` ADD CONSTRAINT `djang_content_type_id_697914295151027a_fk_django_content_type_id` FOREIGN KEY (`content_type_id`) REFERENCES `django_content_type` (`id`); args=[]
2016-07-07 22:41:07,207 [MainThread:140706170656512] [django.db.backends.schema:102] [schema:execute] [DEBUG]- ALTER TABLE `django_admin_log` ADD CONSTRAINT `django_admin_log_user_id_52fdd58701c5f563_fk_blog_user_id` FOREIGN KEY (`user_id`) REFERENCES `blog_user` (`id`); (params [])
2016-07-07 22:41:07,233 [MainThread:140706170656512] [django.db.backends:89] [utils:execute] [DEBUG]- (0.025) ALTER TABLE `django_admin_log` ADD CONSTRAINT `django_admin_log_user_id_52fdd58701c5f563_fk_blog_user_id` FOREIGN KEY (`user_id`) REFERENCES `blog_user` (`id`); args=[]
2016-07-07 22:41:07,234 [MainThread:140706170656512] [django.db.backends:89] [utils:execute] [DEBUG]- (0.001) SHOW FULL TABLES; args=None
2016-07-07 22:41:07,236 [MainThread:140706170656512] [django.db.backends:89] [utils:execute] [DEBUG]- (0.000) INSERT INTO `django_migrations` (`app`, `name`, `applied`) VALUES ('admin', '0001_initial', '2016-07-07 14:41:07.235244'); args=['admin', u'0001_initial', u'2016-07-07 14:41:07.235244']
2016-07-07 22:41:07,252 [MainThread:140706170656512] [django.db.backends.schema:102] [schema:execute] [DEBUG]- CREATE TABLE `django_session` (`session_key` varchar(40) NOT NULL PRIMARY KEY, `session_data` longtext NOT NULL, `expire_date` datetime(6) NOT NULL); (params None)
2016-07-07 22:41:07,264 [MainThread:140706170656512] [django.db.backends:89] [utils:execute] [DEBUG]- (0.011) CREATE TABLE `django_session` (`session_key` varchar(40) NOT NULL PRIMARY KEY, `session_data` longtext NOT NULL, `expire_date` datetime(6) NOT NULL); args=None
2016-07-07 22:41:07,265 [MainThread:140706170656512] [django.db.backends:89] [utils:execute] [DEBUG]- (0.001) SELECT engine FROM information_schema.tables WHERE table_name = 'django_session'; args=[u'django_session']
2016-07-07 22:41:07,266 [MainThread:140706170656512] [django.db.backends.schema:102] [schema:execute] [DEBUG]- CREATE INDEX `django_session_de54fa62` ON `django_session` (`expire_date`); (params [])
2016-07-07 22:41:07,279 [MainThread:140706170656512] [django.db.backends:89] [utils:execute] [DEBUG]- (0.012) CREATE INDEX `django_session_de54fa62` ON `django_session` (`expire_date`); args=[]
2016-07-07 22:41:07,280 [MainThread:140706170656512] [django.db.backends:89] [utils:execute] [DEBUG]- (0.001) SHOW FULL TABLES; args=None
2016-07-07 22:41:07,282 [MainThread:140706170656512] [django.db.backends:89] [utils:execute] [DEBUG]- (0.000) INSERT INTO `django_migrations` (`app`, `name`, `applied`) VALUES ('sessions', '0001_initial', '2016-07-07 14:41:07.280844'); args=['sessions', u'0001_initial', u'2016-07-07 14:41:07.280844']
2016-07-07 22:41:07,286 [MainThread:140706170656512] [django.db.backends:89] [utils:execute] [DEBUG]- (0.001) SELECT `django_content_type`.`id`, `django_content_type`.`app_label`, `django_content_type`.`model` FROM `django_content_type` WHERE (`django_content_type`.`model` = 'logentry' AND `django_content_type`.`app_label` = 'admin'); args=('logentry', 'admin')
2016-07-07 22:41:07,289 [MainThread:140706170656512] [django.db.backends:89] [utils:execute] [DEBUG]- (0.002) SELECT `django_content_type`.`id`, `django_content_type`.`app_label`, `django_content_type`.`model` FROM `django_content_type` WHERE (`django_content_type`.`model` = 'logentry' AND `django_content_type`.`app_label` = 'admin'); args=('logentry', 'admin')
2016-07-07 22:41:07,291 [MainThread:140706170656512] [django.db.backends:89] [utils:execute] [DEBUG]- (0.000) INSERT INTO `django_content_type` (`app_label`, `model`) VALUES ('admin', 'logentry'); args=['admin', 'logentry']
2016-07-07 22:41:07,300 [MainThread:140706170656512] [django.db.backends:89] [utils:execute] [DEBUG]- (0.002) SELECT `auth_permission`.`content_type_id`, `auth_permission`.`codename` FROM `auth_permission` INNER JOIN `django_content_type` ON ( `auth_permission`.`content_type_id` = `django_content_type`.`id` ) WHERE `auth_permission`.`content_type_id` IN (1) ORDER BY `django_content_type`.`app_label` ASC, `django_content_type`.`model` ASC, `auth_permission`.`codename` ASC; args=(1,)
2016-07-07 22:41:07,302 [MainThread:140706170656512] [django.db.backends:89] [utils:execute] [DEBUG]- (0.001) INSERT INTO `auth_permission` (`name`, `content_type_id`, `codename`) VALUES ('Can add log entry', 1, 'add_logentry'), ('Can change log entry', 1, 'change_logentry'), ('Can delete log entry', 1, 'delete_logentry'); args=(u'Can add log entry', 1, u'add_logentry', u'Can change log entry', 1, u'change_logentry', u'Can delete log entry', 1, u'delete_logentry')
2016-07-07 22:41:07,307 [MainThread:140706170656512] [django.db.backends:89] [utils:execute] [DEBUG]- (0.002) SELECT `django_content_type`.`id`, `django_content_type`.`app_label`, `django_content_type`.`model` FROM `django_content_type` WHERE `django_content_type`.`app_label` = 'admin'; args=('admin',)
2016-07-07 22:41:07,314 [MainThread:140706170656512] [django.db.backends:89] [utils:execute] [DEBUG]- (0.001) SELECT `django_content_type`.`id`, `django_content_type`.`app_label`, `django_content_type`.`model` FROM `django_content_type` WHERE (`django_content_type`.`model` = 'permission' AND `django_content_type`.`app_label` = 'auth'); args=('permission', 'auth')
2016-07-07 22:41:07,318 [MainThread:140706170656512] [django.db.backends:89] [utils:execute] [DEBUG]- (0.001) SELECT `django_content_type`.`id`, `django_content_type`.`app_label`, `django_content_type`.`model` FROM `django_content_type` WHERE (`django_content_type`.`model` = 'permission' AND `django_content_type`.`app_label` = 'auth'); args=('permission', 'auth')
2016-07-07 22:41:07,320 [MainThread:140706170656512] [django.db.backends:89] [utils:execute] [DEBUG]- (0.000) INSERT INTO `django_content_type` (`app_label`, `model`) VALUES ('auth', 'permission'); args=['auth', 'permission']
2016-07-07 22:41:07,325 [MainThread:140706170656512] [django.db.backends:89] [utils:execute] [DEBUG]- (0.000) SELECT `django_content_type`.`id`, `django_content_type`.`app_label`, `django_content_type`.`model` FROM `django_content_type` WHERE (`django_content_type`.`model` = 'group' AND `django_content_type`.`app_label` = 'auth'); args=('group', 'auth')
2016-07-07 22:41:07,328 [MainThread:140706170656512] [django.db.backends:89] [utils:execute] [DEBUG]- (0.001) SELECT `django_content_type`.`id`, `django_content_type`.`app_label`, `django_content_type`.`model` FROM `django_content_type` WHERE (`django_content_type`.`model` = 'group' AND `django_content_type`.`app_label` = 'auth'); args=('group', 'auth')
2016-07-07 22:41:07,329 [MainThread:140706170656512] [django.db.backends:89] [utils:execute] [DEBUG]- (0.000) INSERT INTO `django_content_type` (`app_label`, `model`) VALUES ('auth', 'group'); args=['auth', 'group']
2016-07-07 22:41:07,333 [MainThread:140706170656512] [django.db.backends:89] [utils:execute] [DEBUG]- (0.001) SELECT `auth_permission`.`content_type_id`, `auth_permission`.`codename` FROM `auth_permission` INNER JOIN `django_content_type` ON ( `auth_permission`.`content_type_id` = `django_content_type`.`id` ) WHERE `auth_permission`.`content_type_id` IN (2, 3) ORDER BY `django_content_type`.`app_label` ASC, `django_content_type`.`model` ASC, `auth_permission`.`codename` ASC; args=(2, 3)
2016-07-07 22:41:07,334 [MainThread:140706170656512] [django.db.backends:89] [utils:execute] [DEBUG]- (0.000) INSERT INTO `auth_permission` (`name`, `content_type_id`, `codename`) VALUES ('Can add permission', 2, 'add_permission'), ('Can change permission', 2, 'change_permission'), ('Can delete permission', 2, 'delete_permission'), ('Can add group', 3, 'add_group'), ('Can change group', 3, 'change_group'), ('Can delete group', 3, 'delete_group'); args=(u'Can add permission', 2, u'add_permission', u'Can change permission', 2, u'change_permission', u'Can delete permission', 2, u'delete_permission', u'Can add group', 3, u'add_group', u'Can change group', 3, u'change_group', u'Can delete group', 3, u'delete_group')
2016-07-07 22:41:07,336 [MainThread:140706170656512] [django.db.backends:89] [utils:execute] [DEBUG]- (0.000) SELECT `django_content_type`.`id`, `django_content_type`.`app_label`, `django_content_type`.`model` FROM `django_content_type` WHERE `django_content_type`.`app_label` = 'auth'; args=('auth',)
2016-07-07 22:41:07,337 [MainThread:140706170656512] [django.db.backends:89] [utils:execute] [DEBUG]- (0.000) SELECT `django_content_type`.`id`, `django_content_type`.`app_label`, `django_content_type`.`model` FROM `django_content_type` WHERE (`django_content_type`.`model` = 'contenttype' AND `django_content_type`.`app_label` = 'contenttypes'); args=('contenttype', 'contenttypes')
2016-07-07 22:41:07,338 [MainThread:140706170656512] [django.db.backends:89] [utils:execute] [DEBUG]- (0.000) SELECT `django_content_type`.`id`, `django_content_type`.`app_label`, `django_content_type`.`model` FROM `django_content_type` WHERE (`django_content_type`.`model` = 'contenttype' AND `django_content_type`.`app_label` = 'contenttypes'); args=('contenttype', 'contenttypes')
2016-07-07 22:41:07,339 [MainThread:140706170656512] [django.db.backends:89] [utils:execute] [DEBUG]- (0.000) INSERT INTO `django_content_type` (`app_label`, `model`) VALUES ('contenttypes', 'contenttype'); args=['contenttypes', 'contenttype']
2016-07-07 22:41:07,342 [MainThread:140706170656512] [django.db.backends:89] [utils:execute] [DEBUG]- (0.000) SELECT `auth_permission`.`content_type_id`, `auth_permission`.`codename` FROM `auth_permission` INNER JOIN `django_content_type` ON ( `auth_permission`.`content_type_id` = `django_content_type`.`id` ) WHERE `auth_permission`.`content_type_id` IN (4) ORDER BY `django_content_type`.`app_label` ASC, `django_content_type`.`model` ASC, `auth_permission`.`codename` ASC; args=(4,)
2016-07-07 22:41:07,345 [MainThread:140706170656512] [django.db.backends:89] [utils:execute] [DEBUG]- (0.000) INSERT INTO `auth_permission` (`name`, `content_type_id`, `codename`) VALUES ('Can add content type', 4, 'add_contenttype'), ('Can change content type', 4, 'change_contenttype'), ('Can delete content type', 4, 'delete_contenttype'); args=(u'Can add content type', 4, u'add_contenttype', u'Can change content type', 4, u'change_contenttype', u'Can delete content type', 4, u'delete_contenttype')
2016-07-07 22:41:07,347 [MainThread:140706170656512] [django.db.backends:89] [utils:execute] [DEBUG]- (0.000) SELECT `django_content_type`.`id`, `django_content_type`.`app_label`, `django_content_type`.`model` FROM `django_content_type` WHERE `django_content_type`.`app_label` = 'contenttypes'; args=('contenttypes',)
2016-07-07 22:41:07,349 [MainThread:140706170656512] [django.db.backends:89] [utils:execute] [DEBUG]- (0.000) SELECT `django_content_type`.`id`, `django_content_type`.`app_label`, `django_content_type`.`model` FROM `django_content_type` WHERE (`django_content_type`.`model` = 'session' AND `django_content_type`.`app_label` = 'sessions'); args=('session', 'sessions')
2016-07-07 22:41:07,350 [MainThread:140706170656512] [django.db.backends:89] [utils:execute] [DEBUG]- (0.000) SELECT `django_content_type`.`id`, `django_content_type`.`app_label`, `django_content_type`.`model` FROM `django_content_type` WHERE (`django_content_type`.`model` = 'session' AND `django_content_type`.`app_label` = 'sessions'); args=('session', 'sessions')
2016-07-07 22:41:07,351 [MainThread:140706170656512] [django.db.backends:89] [utils:execute] [DEBUG]- (0.000) INSERT INTO `django_content_type` (`app_label`, `model`) VALUES ('sessions', 'session'); args=['sessions', 'session']
2016-07-07 22:41:07,354 [MainThread:140706170656512] [django.db.backends:89] [utils:execute] [DEBUG]- (0.000) SELECT `auth_permission`.`content_type_id`, `auth_permission`.`codename` FROM `auth_permission` INNER JOIN `django_content_type` ON ( `auth_permission`.`content_type_id` = `django_content_type`.`id` ) WHERE `auth_permission`.`content_type_id` IN (5) ORDER BY `django_content_type`.`app_label` ASC, `django_content_type`.`model` ASC, `auth_permission`.`codename` ASC; args=(5,)
2016-07-07 22:41:07,355 [MainThread:140706170656512] [django.db.backends:89] [utils:execute] [DEBUG]- (0.000) INSERT INTO `auth_permission` (`name`, `content_type_id`, `codename`) VALUES ('Can add session', 5, 'add_session'), ('Can change session', 5, 'change_session'), ('Can delete session', 5, 'delete_session'); args=(u'Can add session', 5, u'add_session', u'Can change session', 5, u'change_session', u'Can delete session', 5, u'delete_session')
2016-07-07 22:41:07,357 [MainThread:140706170656512] [django.db.backends:89] [utils:execute] [DEBUG]- (0.000) SELECT `django_content_type`.`id`, `django_content_type`.`app_label`, `django_content_type`.`model` FROM `django_content_type` WHERE `django_content_type`.`app_label` = 'sessions'; args=('sessions',)
2016-07-07 22:41:07,359 [MainThread:140706170656512] [django.db.backends:89] [utils:execute] [DEBUG]- (0.000) SELECT `django_content_type`.`id`, `django_content_type`.`app_label`, `django_content_type`.`model` FROM `django_content_type` WHERE (`django_content_type`.`model` = 'user' AND `django_content_type`.`app_label` = 'blog'); args=('user', 'blog')
2016-07-07 22:41:07,360 [MainThread:140706170656512] [django.db.backends:89] [utils:execute] [DEBUG]- (0.001) SELECT `django_content_type`.`id`, `django_content_type`.`app_label`, `django_content_type`.`model` FROM `django_content_type` WHERE (`django_content_type`.`model` = 'user' AND `django_content_type`.`app_label` = 'blog'); args=('user', 'blog')
2016-07-07 22:41:07,361 [MainThread:140706170656512] [django.db.backends:89] [utils:execute] [DEBUG]- (0.000) INSERT INTO `django_content_type` (`app_label`, `model`) VALUES ('blog', 'user'); args=['blog', 'user']
2016-07-07 22:41:07,364 [MainThread:140706170656512] [django.db.backends:89] [utils:execute] [DEBUG]- (0.000) SELECT `django_content_type`.`id`, `django_content_type`.`app_label`, `django_content_type`.`model` FROM `django_content_type` WHERE (`django_content_type`.`model` = 'tag' AND `django_content_type`.`app_label` = 'blog'); args=('tag', 'blog')
2016-07-07 22:41:07,365 [MainThread:140706170656512] [django.db.backends:89] [utils:execute] [DEBUG]- (0.000) SELECT `django_content_type`.`id`, `django_content_type`.`app_label`, `django_content_type`.`model` FROM `django_content_type` WHERE (`django_content_type`.`model` = 'tag' AND `django_content_type`.`app_label` = 'blog'); args=('tag', 'blog')
2016-07-07 22:41:07,366 [MainThread:140706170656512] [django.db.backends:89] [utils:execute] [DEBUG]- (0.000) INSERT INTO `django_content_type` (`app_label`, `model`) VALUES ('blog', 'tag'); args=['blog', 'tag']
2016-07-07 22:41:07,369 [MainThread:140706170656512] [django.db.backends:89] [utils:execute] [DEBUG]- (0.000) SELECT `django_content_type`.`id`, `django_content_type`.`app_label`, `django_content_type`.`model` FROM `django_content_type` WHERE (`django_content_type`.`model` = 'category' AND `django_content_type`.`app_label` = 'blog'); args=('category', 'blog')
2016-07-07 22:41:07,370 [MainThread:140706170656512] [django.db.backends:89] [utils:execute] [DEBUG]- (0.000) SELECT `django_content_type`.`id`, `django_content_type`.`app_label`, `django_content_type`.`model` FROM `django_content_type` WHERE (`django_content_type`.`model` = 'category' AND `django_content_type`.`app_label` = 'blog'); args=('category', 'blog')
2016-07-07 22:41:07,371 [MainThread:140706170656512] [django.db.backends:89] [utils:execute] [DEBUG]- (0.000) INSERT INTO `django_content_type` (`app_label`, `model`) VALUES ('blog', 'category'); args=['blog', 'category']
2016-07-07 22:41:07,373 [MainThread:140706170656512] [django.db.backends:89] [utils:execute] [DEBUG]- (0.000) SELECT `django_content_type`.`id`, `django_content_type`.`app_label`, `django_content_type`.`model` FROM `django_content_type` WHERE (`django_content_type`.`model` = 'article' AND `django_content_type`.`app_label` = 'blog'); args=('article', 'blog')
2016-07-07 22:41:07,374 [MainThread:140706170656512] [django.db.backends:89] [utils:execute] [DEBUG]- (0.000) SELECT `django_content_type`.`id`, `django_content_type`.`app_label`, `django_content_type`.`model` FROM `django_content_type` WHERE (`django_content_type`.`model` = 'article' AND `django_content_type`.`app_label` = 'blog'); args=('article', 'blog')
2016-07-07 22:41:07,377 [MainThread:140706170656512] [django.db.backends:89] [utils:execute] [DEBUG]- (0.002) INSERT INTO `django_content_type` (`app_label`, `model`) VALUES ('blog', 'article'); args=['blog', 'article']
2016-07-07 22:41:07,379 [MainThread:140706170656512] [django.db.backends:89] [utils:execute] [DEBUG]- (0.000) SELECT `django_content_type`.`id`, `django_content_type`.`app_label`, `django_content_type`.`model` FROM `django_content_type` WHERE (`django_content_type`.`model` = 'comment' AND `django_content_type`.`app_label` = 'blog'); args=('comment', 'blog')
2016-07-07 22:41:07,380 [MainThread:140706170656512] [django.db.backends:89] [utils:execute] [DEBUG]- (0.000) SELECT `django_content_type`.`id`, `django_content_type`.`app_label`, `django_content_type`.`model` FROM `django_content_type` WHERE (`django_content_type`.`model` = 'comment' AND `django_content_type`.`app_label` = 'blog'); args=('comment', 'blog')
2016-07-07 22:41:07,381 [MainThread:140706170656512] [django.db.backends:89] [utils:execute] [DEBUG]- (0.000) INSERT INTO `django_content_type` (`app_label`, `model`) VALUES ('blog', 'comment'); args=['blog', 'comment']
2016-07-07 22:41:07,384 [MainThread:140706170656512] [django.db.backends:89] [utils:execute] [DEBUG]- (0.000) SELECT `django_content_type`.`id`, `django_content_type`.`app_label`, `django_content_type`.`model` FROM `django_content_type` WHERE (`django_content_type`.`model` = 'links' AND `django_content_type`.`app_label` = 'blog'); args=('links', 'blog')
2016-07-07 22:41:07,385 [MainThread:140706170656512] [django.db.backends:89] [utils:execute] [DEBUG]- (0.000) SELECT `django_content_type`.`id`, `django_content_type`.`app_label`, `django_content_type`.`model` FROM `django_content_type` WHERE (`django_content_type`.`model` = 'links' AND `django_content_type`.`app_label` = 'blog'); args=('links', 'blog')
2016-07-07 22:41:07,386 [MainThread:140706170656512] [django.db.backends:89] [utils:execute] [DEBUG]- (0.000) INSERT INTO `django_content_type` (`app_label`, `model`) VALUES ('blog', 'links'); args=['blog', 'links']
2016-07-07 22:41:07,389 [MainThread:140706170656512] [django.db.backends:89] [utils:execute] [DEBUG]- (0.000) SELECT `django_content_type`.`id`, `django_content_type`.`app_label`, `django_content_type`.`model` FROM `django_content_type` WHERE (`django_content_type`.`model` = 'ad' AND `django_content_type`.`app_label` = 'blog'); args=('ad', 'blog')
2016-07-07 22:41:07,390 [MainThread:140706170656512] [django.db.backends:89] [utils:execute] [DEBUG]- (0.000) SELECT `django_content_type`.`id`, `django_content_type`.`app_label`, `django_content_type`.`model` FROM `django_content_type` WHERE (`django_content_type`.`model` = 'ad' AND `django_content_type`.`app_label` = 'blog'); args=('ad', 'blog')
2016-07-07 22:41:07,391 [MainThread:140706170656512] [django.db.backends:89] [utils:execute] [DEBUG]- (0.000) INSERT INTO `django_content_type` (`app_label`, `model`) VALUES ('blog', 'ad'); args=['blog', 'ad']
2016-07-07 22:41:07,395 [MainThread:140706170656512] [django.db.backends:89] [utils:execute] [DEBUG]- (0.001) SELECT `auth_permission`.`content_type_id`, `auth_permission`.`codename` FROM `auth_permission` INNER JOIN `django_content_type` ON ( `auth_permission`.`content_type_id` = `django_content_type`.`id` ) WHERE `auth_permission`.`content_type_id` IN (6, 7, 8, 9, 10, 11, 12) ORDER BY `django_content_type`.`app_label` ASC, `django_content_type`.`model` ASC, `auth_permission`.`codename` ASC; args=(6, 7, 8, 9, 10, 11, 12)
2016-07-07 22:41:07,397 [MainThread:140706170656512] [django.db.backends:89] [utils:execute] [DEBUG]- (0.001) INSERT INTO `auth_permission` (`name`, `content_type_id`, `codename`) VALUES ('Can add ', 6, 'add_user'), ('Can change ', 6, 'change_user'), ('Can delete ', 6, 'delete_user'), ('Can add ', 7, 'add_tag'), ('Can change ', 7, 'change_tag'), ('Can delete ', 7, 'delete_tag'), ('Can add ', 8, 'add_category'), ('Can change ', 8, 'change_category'), ('Can delete ', 8, 'delete_category'), ('Can add ', 9, 'add_article'), ('Can change ', 9, 'change_article'), ('Can delete ', 9, 'delete_article'), ('Can add ', 10, 'add_comment'), ('Can change ', 10, 'change_comment'), ('Can delete ', 10, 'delete_comment'), ('Can add ', 11, 'add_links'), ('Can change ', 11, 'change_links'), ('Can delete ', 11, 'delete_links'), ('Can add ', 12, 'add_ad'), ('Can change ', 12, 'change_ad'), ('Can delete ', 12, 'delete_ad'); args=(u'Can add \u7528\u6237', 6, u'add_user', u'Can change \u7528\u6237', 6, u'change_user', u'Can delete \u7528\u6237', 6, u'delete_user', u'Can add \u6807\u7b7e', 7, u'add_tag', u'Can change \u6807\u7b7e', 7, u'change_tag', u'Can delete \u6807\u7b7e', 7, u'delete_tag', u'Can add \u5206\u7c7b', 8, u'add_category', u'Can change \u5206\u7c7b', 8, u'change_category', u'Can delete \u5206\u7c7b', 8, u'delete_category', u'Can add \u6587\u7ae0', 9, u'add_article', u'Can change \u6587\u7ae0', 9, u'change_article', u'Can delete \u6587\u7ae0', 9, u'delete_article', u'Can add \u8bc4\u8bba', 10, u'add_comment', u'Can change \u8bc4\u8bba', 10, u'change_comment', u'Can delete \u8bc4\u8bba', 10, u'delete_comment', u'Can add \u53cb\u60c5\u94fe\u63a5', 11, u'add_links', u'Can change \u53cb\u60c5\u94fe\u63a5', 11, u'change_links', u'Can delete \u53cb\u60c5\u94fe\u63a5', 11, u'delete_links', u'Can add \u5e7f\u544a', 12, u'add_ad', u'Can change \u5e7f\u544a', 12, u'change_ad', u'Can delete \u5e7f\u544a', 12, u'delete_ad')
2016-07-07 22:41:07,399 [MainThread:140706170656512] [django.db.backends:89] [utils:execute] [DEBUG]- (0.000) SELECT `django_content_type`.`id`, `django_content_type`.`app_label`, `django_content_type`.`model` FROM `django_content_type` WHERE `django_content_type`.`app_label` = 'blog'; args=('blog',)
