2016-07-06 11:24:10,388 [Thread-2:139724439529216] [blog.views:11] [views:index] [ERROR]- [Errno 2] No such file or directory: 'test.txt'
2016-07-06 11:24:12,213 [Thread-12:139724439529216] [blog.views:11] [views:index] [ERROR]- [Errno 2] No such file or directory: 'test.txt'
2016-07-06 15:44:46,411 [Thread-8:139698793473792] [blog.views:26] [views:index] [ERROR]- [Errno 2] No such file or directory: 'test.txt'
2016-07-08 10:36:26,886 [Thread-2:139911957083904] [blog.views:27] [views:index] [ERROR]- [Errno 2] No such file or directory: 'test.txt'
2016-07-08 10:36:26,915 [Thread-3:139911948429056] [blog.views:27] [views:index] [ERROR]- [Errno 2] No such file or directory: 'test.txt'
2016-07-10 18:14:59,207 [Thread-59:140421019981568] [blog.views:27] [views:index] [ERROR]- [Errno 2] No such file or directory: 'test.txt'
2016-07-10 18:15:02,104 [Thread-69:140421046208256] [blog.views:27] [views:index] [ERROR]- [Errno 2] No such file or directory: 'test.txt'
2016-07-10 18:15:52,460 [Thread-70:140421046208256] [blog.views:27] [views:index] [ERROR]- [Errno 2] No such file or directory: 'test.txt'
2016-07-10 18:28:58,478 [Thread-2:139903101789952] [blog.views:27] [views:index] [ERROR]- [Errno 2] No such file or directory: 'test.txt'
2016-07-10 18:28:58,931 [Thread-8:139903084742400] [blog.views:27] [views:index] [ERROR]- [Errno 2] No such file or directory: 'test.txt'
2016-07-10 18:28:59,720 [Thread-14:139903093135104] [blog.views:27] [views:index] [ERROR]- [Errno 2] No such file or directory: 'test.txt'
2016-07-10 18:31:34,795 [Thread-20:139903084742400] [blog.views:27] [views:index] [ERROR]- [Errno 2] No such file or directory: 'test.txt'
2016-07-10 18:31:51,705 [Thread-26:139902721193728] [blog.views:27] [views:index] [ERROR]- [Errno 2] No such file or directory: 'test.txt'
2016-07-10 18:31:51,954 [Thread-32:139903084742400] [blog.views:27] [views:index] [ERROR]- [Errno 2] No such file or directory: 'test.txt'
2016-07-10 18:31:52,133 [Thread-38:139903067432704] [blog.views:27] [views:index] [ERROR]- [Errno 2] No such file or directory: 'test.txt'
2016-07-10 18:31:52,285 [Thread-44:139903101789952] [blog.views:27] [views:index] [ERROR]- [Errno 2] No such file or directory: 'test.txt'
2016-07-10 18:32:07,635 [Thread-2:140118922954496] [blog.views:27] [views:index] [ERROR]- [Errno 2] No such file or directory: 'test.txt'
2016-07-10 18:32:08,457 [Thread-3:140118914299648] [blog.views:27] [views:index] [ERROR]- [Errno 2] No such file or directory: 'test.txt'
2016-07-10 18:32:08,906 [Thread-4:140118905906944] [blog.views:27] [views:index] [ERROR]- [Errno 2] No such file or directory: 'test.txt'
2016-07-10 18:32:09,346 [Thread-5:140118897514240] [blog.views:27] [views:index] [ERROR]- [Errno 2] No such file or directory: 'test.txt'
2016-07-10 18:32:09,736 [Thread-6:140118889121536] [blog.views:27] [views:index] [ERROR]- [Errno 2] No such file or directory: 'test.txt'
2016-07-10 18:32:24,136 [Thread-7:140118543300352] [blog.views:27] [views:index] [ERROR]- [Errno 2] No such file or directory: 'test.txt'
2016-07-10 18:34:56,137 [Thread-17:140118889121536] [blog.views:27] [views:index] [ERROR]- [Errno 2] No such file or directory: 'test.txt'
2016-07-10 18:34:56,688 [Thread-27:140118914299648] [blog.views:27] [views:index] [ERROR]- [Errno 2] No such file or directory: 'test.txt'
2016-07-10 18:34:56,897 [Thread-37:140118889121536] [blog.views:27] [views:index] [ERROR]- [Errno 2] No such file or directory: 'test.txt'
2016-07-10 18:34:57,261 [Thread-47:140118543300352] [blog.views:27] [views:index] [ERROR]- [Errno 2] No such file or directory: 'test.txt'
2016-07-10 18:34:57,444 [Thread-57:140118543300352] [blog.views:27] [views:index] [ERROR]- [Errno 2] No such file or directory: 'test.txt'
2016-07-10 18:34:57,653 [Thread-67:140118914299648] [blog.views:27] [views:index] [ERROR]- [Errno 2] No such file or directory: 'test.txt'
2016-07-10 18:34:57,835 [Thread-77:140118914299648] [blog.views:27] [views:index] [ERROR]- [Errno 2] No such file or directory: 'test.txt'
2016-07-10 18:37:03,869 [Thread-87:140118534907648] [blog.views:27] [views:index] [ERROR]- [Errno 2] No such file or directory: 'test.txt'
2016-07-10 18:37:04,452 [Thread-97:140118922954496] [blog.views:27] [views:index] [ERROR]- [Errno 2] No such file or directory: 'test.txt'
2016-07-10 18:37:04,648 [Thread-107:140118897514240] [blog.views:27] [views:index] [ERROR]- [Errno 2] No such file or directory: 'test.txt'
2016-07-10 18:37:04,819 [Thread-117:140118914299648] [blog.views:27] [views:index] [ERROR]- [Errno 2] No such file or directory: 'test.txt'
2016-07-10 18:37:05,005 [Thread-127:140118897514240] [blog.views:27] [views:index] [ERROR]- [Errno 2] No such file or directory: 'test.txt'
2016-07-10 18:37:05,187 [Thread-137:140118922954496] [blog.views:27] [views:index] [ERROR]- [Errno 2] No such file or directory: 'test.txt'
2016-07-10 18:40:18,169 [Thread-147:140118922954496] [blog.views:27] [views:index] [ERROR]- [Errno 2] No such file or directory: 'test.txt'
2016-07-10 18:40:18,995 [Thread-157:140118905906944] [blog.views:27] [views:index] [ERROR]- [Errno 2] No such file or directory: 'test.txt'
2016-07-10 18:40:19,684 [Thread-167:140118543300352] [blog.views:27] [views:index] [ERROR]- [Errno 2] No such file or directory: 'test.txt'
2016-07-10 18:40:19,862 [Thread-177:140118914299648] [blog.views:27] [views:index] [ERROR]- [Errno 2] No such file or directory: 'test.txt'
2016-07-10 18:40:20,091 [Thread-187:140118897514240] [blog.views:27] [views:index] [ERROR]- [Errno 2] No such file or directory: 'test.txt'
2016-07-10 18:40:20,341 [Thread-197:140118914299648] [blog.views:27] [views:index] [ERROR]- [Errno 2] No such file or directory: 'test.txt'
2016-07-10 18:40:20,564 [Thread-207:140118897514240] [blog.views:27] [views:index] [ERROR]- [Errno 2] No such file or directory: 'test.txt'
2016-07-10 18:43:58,567 [Thread-217:140118889121536] [blog.views:27] [views:index] [ERROR]- [Errno 2] No such file or directory: 'test.txt'
2016-07-10 18:45:44,947 [Thread-227:140118905906944] [blog.views:27] [views:index] [ERROR]- [Errno 2] No such file or directory: 'test.txt'
2016-07-10 18:45:45,730 [Thread-237:140118914299648] [blog.views:27] [views:index] [ERROR]- [Errno 2] No such file or directory: 'test.txt'
2016-07-10 18:45:45,944 [Thread-247:140118889121536] [blog.views:27] [views:index] [ERROR]- [Errno 2] No such file or directory: 'test.txt'
2016-07-10 18:45:46,122 [Thread-257:140118889121536] [blog.views:27] [views:index] [ERROR]- [Errno 2] No such file or directory: 'test.txt'
2016-07-10 18:45:46,320 [Thread-267:140118922954496] [blog.views:27] [views:index] [ERROR]- [Errno 2] No such file or directory: 'test.txt'
2016-07-10 18:45:46,655 [Thread-277:140118889121536] [blog.views:27] [views:index] [ERROR]- [Errno 2] No such file or directory: 'test.txt'
2016-07-10 18:45:46,820 [Thread-287:140118543300352] [blog.views:27] [views:index] [ERROR]- [Errno 2] No such file or directory: 'test.txt'
2016-07-10 18:45:47,003 [Thread-297:140118889121536] [blog.views:27] [views:index] [ERROR]- [Errno 2] No such file or directory: 'test.txt'
2016-07-10 18:45:47,351 [Thread-307:140118905906944] [blog.views:27] [views:index] [ERROR]- [Errno 2] No such file or directory: 'test.txt'
2016-07-10 18:45:47,553 [Thread-317:140118905906944] [blog.views:27] [views:index] [ERROR]- [Errno 2] No such file or directory: 'test.txt'
2016-07-10 18:45:47,736 [Thread-327:140118922954496] [blog.views:27] [views:index] [ERROR]- [Errno 2] No such file or directory: 'test.txt'
2016-07-10 18:45:47,930 [Thread-337:140118897514240] [blog.views:27] [views:index] [ERROR]- [Errno 2] No such file or directory: 'test.txt'
2016-07-10 18:45:48,066 [Thread-347:140118914299648] [blog.views:27] [views:index] [ERROR]- [Errno 2] No such file or directory: 'test.txt'
2016-07-10 22:41:02,763 [Thread-2:140217023432448] [blog.views:41] [views:index] [ERROR]- global name 'GET' is not defined
2016-07-10 22:42:43,630 [Thread-12:140216773891840] [blog.views:41] [views:index] [ERROR]- global name 'GET' is not defined
2016-07-10 22:48:02,104 [Thread-29:140217006384896] [blog.views:41] [views:index] [ERROR]- global name 'GET' is not defined
2016-07-10 22:49:38,632 [Thread-39:140217006384896] [blog.views:41] [views:index] [ERROR]- global name 'GET' is not defined
2016-07-10 22:49:39,840 [Thread-49:140216765499136] [blog.views:41] [views:index] [ERROR]- global name 'GET' is not defined
2016-07-10 22:49:47,879 [Thread-59:140216765499136] [blog.views:41] [views:index] [ERROR]- global name 'GET' is not defined
2016-07-10 22:49:48,999 [Thread-69:140216765499136] [blog.views:41] [views:index] [ERROR]- global name 'GET' is not defined
2016-07-10 22:53:01,328 [Thread-79:140217014777600] [blog.views:41] [views:index] [ERROR]- global name 'GET' is not defined
2016-07-10 22:53:05,668 [Thread-89:140216790677248] [blog.views:41] [views:index] [ERROR]- global name 'GET' is not defined
2016-07-10 22:53:48,709 [Thread-99:140217014777600] [blog.views:41] [views:index] [ERROR]- global name 'GET' is not defined
2016-07-10 22:53:59,164 [Thread-109:140217014777600] [blog.views:41] [views:index] [ERROR]- global name 'GET' is not defined
2016-07-10 22:55:15,413 [Thread-119:140216782284544] [blog.views:41] [views:index] [ERROR]- global name 'GET' is not defined
2016-07-10 22:55:16,332 [Thread-129:140216790677248] [blog.views:41] [views:index] [ERROR]- global name 'GET' is not defined
2016-07-10 22:55:17,115 [Thread-139:140217006384896] [blog.views:41] [views:index] [ERROR]- global name 'GET' is not defined
2016-07-10 22:55:17,740 [Thread-149:140217006384896] [blog.views:41] [views:index] [ERROR]- global name 'GET' is not defined
2016-07-10 22:55:17,935 [Thread-159:140216773891840] [blog.views:41] [views:index] [ERROR]- global name 'GET' is not defined
2016-07-10 22:55:18,146 [Thread-169:140217014777600] [blog.views:41] [views:index] [ERROR]- global name 'GET' is not defined
2016-07-10 22:59:34,132 [Thread-179:140216765499136] [blog.views:41] [views:index] [ERROR]- global name 'GET' is not defined
2016-07-10 22:59:36,139 [Thread-189:140216773891840] [blog.views:41] [views:index] [ERROR]- global name 'GET' is not defined
2016-07-10 22:59:42,302 [Thread-199:140216773891840] [blog.views:41] [views:index] [ERROR]- global name 'GET' is not defined
2016-07-10 23:06:06,153 [Thread-200:140216773891840] [blog.views:41] [views:index] [ERROR]- global name 'GET' is not defined
2016-07-10 23:10:19,227 [Thread-210:140217006384896] [blog.views:41] [views:index] [ERROR]- global name 'GET' is not defined
2016-07-10 23:10:19,988 [Thread-220:140216790677248] [blog.views:41] [views:index] [ERROR]- global name 'GET' is not defined
2016-07-10 23:10:20,211 [Thread-230:140216765499136] [blog.views:41] [views:index] [ERROR]- global name 'GET' is not defined
2016-07-10 23:10:20,431 [Thread-240:140217014777600] [blog.views:41] [views:index] [ERROR]- global name 'GET' is not defined
2016-07-10 23:10:20,630 [Thread-250:140216773891840] [blog.views:41] [views:index] [ERROR]- global name 'GET' is not defined
2016-07-10 23:10:20,836 [Thread-260:140216765499136] [blog.views:41] [views:index] [ERROR]- global name 'GET' is not defined
2016-07-10 23:10:21,334 [Thread-270:140216765499136] [blog.views:41] [views:index] [ERROR]- global name 'GET' is not defined
2016-07-10 23:10:21,560 [Thread-280:140216790677248] [blog.views:41] [views:index] [ERROR]- global name 'GET' is not defined
2016-07-10 23:11:12,226 [Thread-2:139712681293568] [blog.views:41] [views:index] [ERROR]- global name 'GET' is not defined
2016-07-10 23:11:51,809 [Thread-2:140239757027072] [blog.views:41] [views:index] [ERROR]- global name 'GET' is not defined
2016-07-10 23:11:52,040 [Thread-12:140239757027072] [blog.views:41] [views:index] [ERROR]- global name 'GET' is not defined
2016-07-10 23:11:52,313 [Thread-22:140239649621760] [blog.views:41] [views:index] [ERROR]- global name 'GET' is not defined
2016-07-10 23:11:53,289 [Thread-32:140239658014464] [blog.views:41] [views:index] [ERROR]- global name 'GET' is not defined
2016-07-11 10:45:23,435 [Thread-2:140698487211776] [blog.views:51] [views:index] [ERROR]- cursor() takes exactly 1 argument (2 given)
2016-07-11 10:45:49,067 [Thread-12:140698478032640] [blog.views:51] [views:index] [ERROR]- cursor() takes exactly 1 argument (2 given)
2016-07-11 10:46:10,376 [Thread-22:140698478032640] [blog.views:51] [views:index] [ERROR]- cursor() takes exactly 1 argument (2 given)
2016-07-11 14:01:38,918 [Thread-2:140166581380864] [blog.views:61] [views:index] [ERROR]- 'list' object has no attribute 'strftime'
2016-07-11 14:01:47,236 [Thread-12:140166547023616] [blog.views:61] [views:index] [ERROR]- 'list' object has no attribute 'strftime'
2016-07-11 14:06:12,122 [Thread-2:139742905964288] [blog.views:61] [views:index] [ERROR]- 'list' object has no attribute 'strftime'
2016-07-11 16:46:17,588 [Thread-8:140688700208896] [blog.views:78] [views:archive] [ERROR]- unsupported operand type(s) for +: 'NoneType' and 'str'
2016-07-12 15:10:16,728 [Thread-2:139985032140544] [blog.views:70] [views:archive] [ERROR]- getPage() takes exactly 2 arguments (1 given)
2016-07-12 15:10:22,229 [Thread-3:139985032140544] [blog.views:70] [views:archive] [ERROR]- getPage() takes exactly 2 arguments (1 given)
2016-07-12 15:13:17,281 [Thread-2:140348244977408] [blog.views:59] [views:index] [ERROR]- getPage() takes exactly 2 arguments (1 given)
2016-07-12 15:13:19,575 [Thread-12:140348236060416] [blog.views:71] [views:archive] [ERROR]- getPage() takes exactly 2 arguments (1 given)
2016-07-12 15:13:25,674 [Thread-13:140348236060416] [blog.views:59] [views:index] [ERROR]- getPage() takes exactly 2 arguments (1 given)
2016-07-12 15:13:25,851 [Thread-14:140348244977408] [blog.views:59] [views:index] [ERROR]- getPage() takes exactly 2 arguments (1 given)
2016-07-14 14:26:33,986 [Thread-11:140387126757120] [blog.views:189] [views:do_login] [ERROR]- Reverse for '' with arguments '()' and keyword arguments '{}' not found. 0 pattern(s) tried: []
2016-07-14 14:30:21,346 [Thread-27:140089015400192] [blog.views:165] [views:do_reg] [ERROR]- Reverse for '' with arguments '()' and keyword arguments '{}' not found. 0 pattern(s) tried: []
2016-07-14 16:27:25,977 [Thread-176:139904197588736] [blog.views:112] [views:article] [ERROR]- invalid literal for int() with base 10: ''
2016-07-14 16:28:22,836 [Thread-177:139904197588736] [blog.views:112] [views:article] [ERROR]- invalid literal for int() with base 10: ''
2016-07-14 16:28:35,695 [Thread-181:139904155625216] [blog.views:112] [views:article] [ERROR]- invalid literal for int() with base 10: ''
